EDA Netlist Writer report for control_just_bs
Mon Dec 12 10:32:31 2022
Quartus Prime Version 18.0.0 Build 614 04/24/2018 SJ Standard Edition


---------------------
; Table of Contents ;
---------------------
  1. Legal Notice
  2. EDA Netlist Writer Summary
  3. Simulation Settings
  4. Simulation Generated Files
  5. EDA Netlist Writer Messages



----------------
; Legal Notice ;
----------------
Copyright (C) 2018  Intel Corporation. All rights reserved.
Your use of Intel Corporation's design tools, logic functions 
and other software and tools, and its AMPP partner logic 
functions, and any output files from any of the foregoing 
(including device programming or simulation files), and any 
associated documentation or information are expressly subject 
to the terms and conditions of the Intel Program License 
Subscription Agreement, the Intel Quartus Prime License Agreement,
the Intel FPGA IP License Agreement, or other applicable license
agreement, including, without limitation, that your use is for
the sole purpose of programming logic devices manufactured by
Intel and sold by Intel or its authorized distributors.  Please
refer to the applicable agreement for further details.



+-------------------------------------------------------------------+
; EDA Netlist Writer Summary                                        ;
+---------------------------+---------------------------------------+
; EDA Netlist Writer Status ; Successful - Mon Dec 12 10:32:31 2022 ;
; Revision Name             ; control_just_bs                       ;
; Top-level Entity Name     ; control_just_bs                       ;
; Family                    ; Cyclone IV E                          ;
; Simulation Files Creation ; Successful                            ;
+---------------------------+---------------------------------------+


+----------------------------------------------------------------------------------------------------------------------------+
; Simulation Settings                                                                                                        ;
+---------------------------------------------------------------------------------------------------+------------------------+
; Option                                                                                            ; Setting                ;
+---------------------------------------------------------------------------------------------------+------------------------+
; Tool Name                                                                                         ; ModelSim-Altera (VHDL) ;
; Generate functional simulation netlist                                                            ; Off                    ;
; Time scale                                                                                        ; 1 ps                   ;
; Truncate long hierarchy paths                                                                     ; Off                    ;
; Map illegal HDL characters                                                                        ; Off                    ;
; Flatten buses into individual nodes                                                               ; Off                    ;
; Maintain hierarchy                                                                                ; Off                    ;
; Bring out device-wide set/reset signals as ports                                                  ; Off                    ;
; Enable glitch filtering                                                                           ; Off                    ;
; Do not write top level VHDL entity                                                                ; Off                    ;
; Disable detection of setup and hold time violations in the input registers of bi-directional pins ; Off                    ;
; Architecture name in VHDL output netlist                                                          ; structure              ;
; Generate third-party EDA tool command script for RTL functional simulation                        ; Off                    ;
; Generate third-party EDA tool command script for gate-level simulation                            ; Off                    ;
+---------------------------------------------------------------------------------------------------+------------------------+


+------------------------------------------------------------------------------------+
; Simulation Generated Files                                                         ;
+------------------------------------------------------------------------------------+
; Generated Files                                                                    ;
+------------------------------------------------------------------------------------+
; E:/Library/FPGA/car/simulation/modelsim/control_just_bs_8_1200mv_85c_slow.vho      ;
; E:/Library/FPGA/car/simulation/modelsim/control_just_bs_8_1200mv_0c_slow.vho       ;
; E:/Library/FPGA/car/simulation/modelsim/control_just_bs_min_1200mv_0c_fast.vho     ;
; E:/Library/FPGA/car/simulation/modelsim/control_just_bs.vho                        ;
; E:/Library/FPGA/car/simulation/modelsim/control_just_bs_8_1200mv_85c_vhd_slow.sdo  ;
; E:/Library/FPGA/car/simulation/modelsim/control_just_bs_8_1200mv_0c_vhd_slow.sdo   ;
; E:/Library/FPGA/car/simulation/modelsim/control_just_bs_min_1200mv_0c_vhd_fast.sdo ;
; E:/Library/FPGA/car/simulation/modelsim/control_just_bs_vhd.sdo                    ;
+------------------------------------------------------------------------------------+


+-----------------------------+
; EDA Netlist Writer Messages ;
+-----------------------------+
Info: *******************************************************************
Info: Running Quartus Prime EDA Netlist Writer
    Info: Version 18.0.0 Build 614 04/24/2018 SJ Standard Edition
    Info: Processing started: Mon Dec 12 10:32:30 2022
Info: Command: quartus_eda --read_settings_files=off --write_settings_files=off control_just_bs -c control_just_bs
Warning (18236): Number of processors has not been specified which may cause overloading on shared machines.  Set the global assignment NUM_PARALLEL_PROCESSORS in your QSF to an appropriate value for best performance.
Info (204019): Generated file control_just_bs_8_1200mv_85c_slow.vho in folder "E:/Library/FPGA/car/simulation/modelsim/" for EDA simulation tool
Info (204019): Generated file control_just_bs_8_1200mv_0c_slow.vho in folder "E:/Library/FPGA/car/simulation/modelsim/" for EDA simulation tool
Info (204019): Generated file control_just_bs_min_1200mv_0c_fast.vho in folder "E:/Library/FPGA/car/simulation/modelsim/" for EDA simulation tool
Info (204019): Generated file control_just_bs.vho in folder "E:/Library/FPGA/car/simulation/modelsim/" for EDA simulation tool
Info (204019): Generated file control_just_bs_8_1200mv_85c_vhd_slow.sdo in folder "E:/Library/FPGA/car/simulation/modelsim/" for EDA simulation tool
Info (204019): Generated file control_just_bs_8_1200mv_0c_vhd_slow.sdo in folder "E:/Library/FPGA/car/simulation/modelsim/" for EDA simulation tool
Info (204019): Generated file control_just_bs_min_1200mv_0c_vhd_fast.sdo in folder "E:/Library/FPGA/car/simulation/modelsim/" for EDA simulation tool
Info (204019): Generated file control_just_bs_vhd.sdo in folder "E:/Library/FPGA/car/simulation/modelsim/" for EDA simulation tool
Info: Quartus Prime EDA Netlist Writer was successful. 0 errors, 1 warning
    Info: Peak virtual memory: 4636 megabytes
    Info: Processing ended: Mon Dec 12 10:32:31 2022
    Info: Elapsed time: 00:00:01
    Info: Total CPU time (on all processors): 00:00:01


